<?xml version="1.0" encoding="UTF-8"?>
<!-- Generated by org.testng.reporters.JUnitReportReporter -->
<testsuite hostname="MATHAN" failures="0" tests="6" name="SeleniumPack.Validaton_Testing" time="70.810" errors="0" timestamp="2024-03-09T15:19:19 IST" skipped="0">
  <testcase classname="SeleniumPack.Validaton_Testing" name="CorrectUserPassTesting" time="0.914"/>
  <system-out/>
  <testcase classname="SeleniumPack.Validaton_Testing" name="MachineModuleTesting_Edit_Validation" time="7.448"/>
  <system-out/>
  <testcase classname="SeleniumPack.Validaton_Testing" name="MachineModuleTesting_Validation" time="11.365"/>
  <system-out/>
  <testcase classname="SeleniumPack.Validaton_Testing" name="PartModuleTesting_Validation" time="16.656"/>
  <system-out/>
  <testcase classname="SeleniumPack.Validaton_Testing" name="Edit_Part_Input_Validation1" time="14.236"/>
  <system-out/>
  <testcase classname="SeleniumPack.Validaton_Testing" name="GeneralInputValidate" time="20.191"/>
  <system-out/>
</testsuite> <!-- SeleniumPack.Validaton_Testing -->
